<?xml version="1.0" encoding="UTF-8"?>
<testsuite xmlns:xsi="http://www.w3.org/2001/XMLSchema-instance" xsi:noNamespaceSchemaLocation="https://maven.apache.org/surefire/maven-surefire-plugin/xsd/surefire-test-report.xsd" name="TestSuite" time="52.354" tests="5" errors="0" skipped="3" failures="1">
  <properties>
    <property name="sun.desktop" value="windows"/>
    <property name="awt.toolkit" value="sun.awt.windows.WToolkit"/>
    <property name="file.encoding.pkg" value="sun.io"/>
    <property name="java.specification.version" value="1.8"/>
    <property name="sun.cpu.isalist" value="amd64"/>
    <property name="sun.jnu.encoding" value="GBK"/>
    <property name="java.class.path" value="D:\Developer\sts-bundle\workspace\Fortinet_UI_Auto_Test_SimplerVersion\target\test-classes;D:\Developer\sts-bundle\workspace\Fortinet_UI_Auto_Test_SimplerVersion\target\classes;D:\Developer\sts-bundle\repository\org\seleniumhq\selenium\selenium-java\3.11.0\selenium-java-3.11.0.jar;D:\Developer\sts-bundle\repository\org\seleniumhq\selenium\selenium-api\3.11.0\selenium-api-3.11.0.jar;D:\Developer\sts-bundle\repository\org\seleniumhq\selenium\selenium-chrome-driver\3.11.0\selenium-chrome-driver-3.11.0.jar;D:\Developer\sts-bundle\repository\org\seleniumhq\selenium\selenium-edge-driver\3.11.0\selenium-edge-driver-3.11.0.jar;D:\Developer\sts-bundle\repository\org\seleniumhq\selenium\selenium-firefox-driver\3.11.0\selenium-firefox-driver-3.11.0.jar;D:\Developer\sts-bundle\repository\org\seleniumhq\selenium\selenium-ie-driver\3.11.0\selenium-ie-driver-3.11.0.jar;D:\Developer\sts-bundle\repository\org\seleniumhq\selenium\selenium-opera-driver\3.11.0\selenium-opera-driver-3.11.0.jar;D:\Developer\sts-bundle\repository\org\seleniumhq\selenium\selenium-safari-driver\3.11.0\selenium-safari-driver-3.11.0.jar;D:\Developer\sts-bundle\repository\org\seleniumhq\selenium\selenium-support\3.11.0\selenium-support-3.11.0.jar;D:\Developer\sts-bundle\repository\net\bytebuddy\byte-buddy\1.7.9\byte-buddy-1.7.9.jar;D:\Developer\sts-bundle\repository\org\apache\commons\commons-exec\1.3\commons-exec-1.3.jar;D:\Developer\sts-bundle\repository\commons-logging\commons-logging\1.2\commons-logging-1.2.jar;D:\Developer\sts-bundle\repository\com\google\code\gson\gson\2.8.2\gson-2.8.2.jar;D:\Developer\sts-bundle\repository\com\google\guava\guava\23.6-jre\guava-23.6-jre.jar;D:\Developer\sts-bundle\repository\com\google\code\findbugs\jsr305\1.3.9\jsr305-1.3.9.jar;D:\Developer\sts-bundle\repository\org\checkerframework\checker-compat-qual\2.0.0\checker-compat-qual-2.0.0.jar;D:\Developer\sts-bundle\repository\com\google\errorprone\error_prone_annotations\2.1.3\error_prone_annotations-2.1.3.jar;D:\Developer\sts-bundle\repository\com\google\j2objc\j2objc-annotations\1.1\j2objc-annotations-1.1.jar;D:\Developer\sts-bundle\repository\org\codehaus\mojo\animal-sniffer-annotations\1.14\animal-sniffer-annotations-1.14.jar;D:\Developer\sts-bundle\repository\org\apache\httpcomponents\httpclient\4.5.3\httpclient-4.5.3.jar;D:\Developer\sts-bundle\repository\org\apache\httpcomponents\httpcore\4.4.6\httpcore-4.4.6.jar;D:\Developer\sts-bundle\repository\com\squareup\okhttp3\okhttp\3.9.1\okhttp-3.9.1.jar;D:\Developer\sts-bundle\repository\com\squareup\okio\okio\1.13.0\okio-1.13.0.jar;D:\Developer\sts-bundle\repository\org\seleniumhq\selenium\selenium-remote-driver\3.11.0\selenium-remote-driver-3.11.0.jar;D:\Developer\sts-bundle\repository\org\testng\testng\6.14.2\testng-6.14.2.jar;D:\Developer\sts-bundle\repository\com\beust\jcommander\1.72\jcommander-1.72.jar;D:\Developer\sts-bundle\repository\org\apache-extras\beanshell\bsh\2.0b6\bsh-2.0b6.jar;D:\Developer\sts-bundle\repository\junit\junit\4.12\junit-4.12.jar;D:\Developer\sts-bundle\repository\org\hamcrest\hamcrest-core\1.3\hamcrest-core-1.3.jar;D:\Developer\sts-bundle\repository\org\uncommons\reportng\1.1.4\reportng-1.1.4.jar;D:\Developer\sts-bundle\repository\velocity\velocity\1.4\velocity-1.4.jar;D:\Developer\sts-bundle\repository\velocity\velocity-dep\1.4\velocity-dep-1.4.jar;D:\Developer\sts-bundle\repository\com\google\inject\guice\4.2.0\guice-4.2.0.jar;D:\Developer\sts-bundle\repository\javax\inject\javax.inject\1\javax.inject-1.jar;D:\Developer\sts-bundle\repository\aopalliance\aopalliance\1.0\aopalliance-1.0.jar;D:\Developer\sts-bundle\repository\org\apache\velocity\velocity\1.7\velocity-1.7.jar;D:\Developer\sts-bundle\repository\commons-collections\commons-collections\3.2.1\commons-collections-3.2.1.jar;D:\Developer\sts-bundle\repository\commons-lang\commons-lang\2.4\commons-lang-2.4.jar;D:\Developer\sts-bundle\repository\commons-configuration\commons-configuration\1.10\commons-configuration-1.10.jar;D:\Developer\sts-bundle\repository\commons-codec\commons-codec\1.11\commons-codec-1.11.jar;D:\Developer\sts-bundle\repository\commons-beanutils\commons-beanutils\1.9.3\commons-beanutils-1.9.3.jar;D:\Developer\sts-bundle\repository\org\apache\commons\commons-compress\1.15\commons-compress-1.15.jar;D:\Developer\sts-bundle\repository\org\objenesis\objenesis\2.6\objenesis-2.6.jar;D:\Developer\sts-bundle\repository\org\apache\commons\commons-email\1.5\commons-email-1.5.jar;D:\Developer\sts-bundle\repository\com\sun\mail\javax.mail\1.5.6\javax.mail-1.5.6.jar;D:\Developer\sts-bundle\repository\javax\activation\activation\1.1\activation-1.1.jar;D:\Developer\sts-bundle\repository\commons-io\commons-io\2.6\commons-io-2.6.jar;D:\Developer\sts-bundle\repository\commons-dbutils\commons-dbutils\1.7\commons-dbutils-1.7.jar;D:\Developer\sts-bundle\repository\com\github\crab2died\Excel4J\2.1.2\Excel4J-2.1.2.jar;D:\Developer\sts-bundle\repository\org\apache\poi\poi\3.17\poi-3.17.jar;D:\Developer\sts-bundle\repository\org\apache\commons\commons-collections4\4.1\commons-collections4-4.1.jar;D:\Developer\sts-bundle\repository\org\apache\poi\poi-ooxml\3.17\poi-ooxml-3.17.jar;D:\Developer\sts-bundle\repository\org\apache\poi\poi-ooxml-schemas\3.17\poi-ooxml-schemas-3.17.jar;D:\Developer\sts-bundle\repository\org\apache\xmlbeans\xmlbeans\2.6.0\xmlbeans-2.6.0.jar;D:\Developer\sts-bundle\repository\stax\stax-api\1.0.1\stax-api-1.0.1.jar;D:\Developer\sts-bundle\repository\com\github\virtuald\curvesapi\1.04\curvesapi-1.04.jar;D:\Developer\sts-bundle\repository\mysql\mysql-connector-java\6.0.6\mysql-connector-java-6.0.6.jar;D:\Developer\sts-bundle\repository\org\postgresql\postgresql\42.2.2\postgresql-42.2.2.jar;D:\Developer\sts-bundle\repository\c3p0\c3p0\0.9.1.2\c3p0-0.9.1.2.jar;D:\Developer\sts-bundle\repository\org\slf4j\slf4j-api\1.6.6\slf4j-api-1.6.6.jar;D:\Developer\sts-bundle\repository\org\slf4j\jcl-over-slf4j\1.6.6\jcl-over-slf4j-1.6.6.jar;D:\Developer\sts-bundle\repository\org\slf4j\slf4j-log4j12\1.6.6\slf4j-log4j12-1.6.6.jar;D:\Developer\sts-bundle\repository\log4j\log4j\1.2.15\log4j-1.2.15.jar;D:\Developer\sts-bundle\repository\dom4j\dom4j\1.6.1\dom4j-1.6.1.jar;D:\Developer\sts-bundle\repository\xml-apis\xml-apis\1.0.b2\xml-apis-1.0.b2.jar;D:\Developer\sts-bundle\repository\org\apache\maven\surefire\surefire-testng-utils\2.21.0\surefire-testng-utils-2.21.0.jar;D:\Developer\sts-bundle\repository\org\apache\maven\surefire\surefire-grouper\2.21.0\surefire-grouper-2.21.0.jar;"/>
    <property name="java.vm.vendor" value="Oracle Corporation"/>
    <property name="sun.arch.data.model" value="64"/>
    <property name="user.variant" value=""/>
    <property name="java.vendor.url" value="http://java.oracle.com/"/>
    <property name="user.timezone" value=""/>
    <property name="user.country.format" value="CN"/>
    <property name="java.vm.specification.version" value="1.8"/>
    <property name="os.name" value="Windows 7"/>
    <property name="user.country" value="US"/>
    <property name="sun.java.launcher" value="SUN_STANDARD"/>
    <property name="sun.boot.library.path" value="C:\Program Files\Java\jdk1.8.0_144\jre\bin"/>
    <property name="sun.java.command" value="C:\Users\admin\AppData\Local\Temp\surefire5835104230137781365\surefirebooter7751067736764732084.jar C:\Users\admin\AppData\Local\Temp\surefire5835104230137781365 2018-04-10T18-29-15_580-jvmRun1 surefire198273475930452498tmp surefire_02967532922554935881tmp"/>
    <property name="surefire.test.class.path" value="D:\Developer\sts-bundle\workspace\Fortinet_UI_Auto_Test_SimplerVersion\target\test-classes;D:\Developer\sts-bundle\workspace\Fortinet_UI_Auto_Test_SimplerVersion\target\classes;D:\Developer\sts-bundle\repository\org\seleniumhq\selenium\selenium-java\3.11.0\selenium-java-3.11.0.jar;D:\Developer\sts-bundle\repository\org\seleniumhq\selenium\selenium-api\3.11.0\selenium-api-3.11.0.jar;D:\Developer\sts-bundle\repository\org\seleniumhq\selenium\selenium-chrome-driver\3.11.0\selenium-chrome-driver-3.11.0.jar;D:\Developer\sts-bundle\repository\org\seleniumhq\selenium\selenium-edge-driver\3.11.0\selenium-edge-driver-3.11.0.jar;D:\Developer\sts-bundle\repository\org\seleniumhq\selenium\selenium-firefox-driver\3.11.0\selenium-firefox-driver-3.11.0.jar;D:\Developer\sts-bundle\repository\org\seleniumhq\selenium\selenium-ie-driver\3.11.0\selenium-ie-driver-3.11.0.jar;D:\Developer\sts-bundle\repository\org\seleniumhq\selenium\selenium-opera-driver\3.11.0\selenium-opera-driver-3.11.0.jar;D:\Developer\sts-bundle\repository\org\seleniumhq\selenium\selenium-safari-driver\3.11.0\selenium-safari-driver-3.11.0.jar;D:\Developer\sts-bundle\repository\org\seleniumhq\selenium\selenium-support\3.11.0\selenium-support-3.11.0.jar;D:\Developer\sts-bundle\repository\net\bytebuddy\byte-buddy\1.7.9\byte-buddy-1.7.9.jar;D:\Developer\sts-bundle\repository\org\apache\commons\commons-exec\1.3\commons-exec-1.3.jar;D:\Developer\sts-bundle\repository\commons-logging\commons-logging\1.2\commons-logging-1.2.jar;D:\Developer\sts-bundle\repository\com\google\code\gson\gson\2.8.2\gson-2.8.2.jar;D:\Developer\sts-bundle\repository\com\google\guava\guava\23.6-jre\guava-23.6-jre.jar;D:\Developer\sts-bundle\repository\com\google\code\findbugs\jsr305\1.3.9\jsr305-1.3.9.jar;D:\Developer\sts-bundle\repository\org\checkerframework\checker-compat-qual\2.0.0\checker-compat-qual-2.0.0.jar;D:\Developer\sts-bundle\repository\com\google\errorprone\error_prone_annotations\2.1.3\error_prone_annotations-2.1.3.jar;D:\Developer\sts-bundle\repository\com\google\j2objc\j2objc-annotations\1.1\j2objc-annotations-1.1.jar;D:\Developer\sts-bundle\repository\org\codehaus\mojo\animal-sniffer-annotations\1.14\animal-sniffer-annotations-1.14.jar;D:\Developer\sts-bundle\repository\org\apache\httpcomponents\httpclient\4.5.3\httpclient-4.5.3.jar;D:\Developer\sts-bundle\repository\org\apache\httpcomponents\httpcore\4.4.6\httpcore-4.4.6.jar;D:\Developer\sts-bundle\repository\com\squareup\okhttp3\okhttp\3.9.1\okhttp-3.9.1.jar;D:\Developer\sts-bundle\repository\com\squareup\okio\okio\1.13.0\okio-1.13.0.jar;D:\Developer\sts-bundle\repository\org\seleniumhq\selenium\selenium-remote-driver\3.11.0\selenium-remote-driver-3.11.0.jar;D:\Developer\sts-bundle\repository\org\testng\testng\6.14.2\testng-6.14.2.jar;D:\Developer\sts-bundle\repository\com\beust\jcommander\1.72\jcommander-1.72.jar;D:\Developer\sts-bundle\repository\org\apache-extras\beanshell\bsh\2.0b6\bsh-2.0b6.jar;D:\Developer\sts-bundle\repository\junit\junit\4.12\junit-4.12.jar;D:\Developer\sts-bundle\repository\org\hamcrest\hamcrest-core\1.3\hamcrest-core-1.3.jar;D:\Developer\sts-bundle\repository\org\uncommons\reportng\1.1.4\reportng-1.1.4.jar;D:\Developer\sts-bundle\repository\velocity\velocity\1.4\velocity-1.4.jar;D:\Developer\sts-bundle\repository\velocity\velocity-dep\1.4\velocity-dep-1.4.jar;D:\Developer\sts-bundle\repository\com\google\inject\guice\4.2.0\guice-4.2.0.jar;D:\Developer\sts-bundle\repository\javax\inject\javax.inject\1\javax.inject-1.jar;D:\Developer\sts-bundle\repository\aopalliance\aopalliance\1.0\aopalliance-1.0.jar;D:\Developer\sts-bundle\repository\org\apache\velocity\velocity\1.7\velocity-1.7.jar;D:\Developer\sts-bundle\repository\commons-collections\commons-collections\3.2.1\commons-collections-3.2.1.jar;D:\Developer\sts-bundle\repository\commons-lang\commons-lang\2.4\commons-lang-2.4.jar;D:\Developer\sts-bundle\repository\commons-configuration\commons-configuration\1.10\commons-configuration-1.10.jar;D:\Developer\sts-bundle\repository\commons-codec\commons-codec\1.11\commons-codec-1.11.jar;D:\Developer\sts-bundle\repository\commons-beanutils\commons-beanutils\1.9.3\commons-beanutils-1.9.3.jar;D:\Developer\sts-bundle\repository\org\apache\commons\commons-compress\1.15\commons-compress-1.15.jar;D:\Developer\sts-bundle\repository\org\objenesis\objenesis\2.6\objenesis-2.6.jar;D:\Developer\sts-bundle\repository\org\apache\commons\commons-email\1.5\commons-email-1.5.jar;D:\Developer\sts-bundle\repository\com\sun\mail\javax.mail\1.5.6\javax.mail-1.5.6.jar;D:\Developer\sts-bundle\repository\javax\activation\activation\1.1\activation-1.1.jar;D:\Developer\sts-bundle\repository\commons-io\commons-io\2.6\commons-io-2.6.jar;D:\Developer\sts-bundle\repository\commons-dbutils\commons-dbutils\1.7\commons-dbutils-1.7.jar;D:\Developer\sts-bundle\repository\com\github\crab2died\Excel4J\2.1.2\Excel4J-2.1.2.jar;D:\Developer\sts-bundle\repository\org\apache\poi\poi\3.17\poi-3.17.jar;D:\Developer\sts-bundle\repository\org\apache\commons\commons-collections4\4.1\commons-collections4-4.1.jar;D:\Developer\sts-bundle\repository\org\apache\poi\poi-ooxml\3.17\poi-ooxml-3.17.jar;D:\Developer\sts-bundle\repository\org\apache\poi\poi-ooxml-schemas\3.17\poi-ooxml-schemas-3.17.jar;D:\Developer\sts-bundle\repository\org\apache\xmlbeans\xmlbeans\2.6.0\xmlbeans-2.6.0.jar;D:\Developer\sts-bundle\repository\stax\stax-api\1.0.1\stax-api-1.0.1.jar;D:\Developer\sts-bundle\repository\com\github\virtuald\curvesapi\1.04\curvesapi-1.04.jar;D:\Developer\sts-bundle\repository\mysql\mysql-connector-java\6.0.6\mysql-connector-java-6.0.6.jar;D:\Developer\sts-bundle\repository\org\postgresql\postgresql\42.2.2\postgresql-42.2.2.jar;D:\Developer\sts-bundle\repository\c3p0\c3p0\0.9.1.2\c3p0-0.9.1.2.jar;D:\Developer\sts-bundle\repository\org\slf4j\slf4j-api\1.6.6\slf4j-api-1.6.6.jar;D:\Developer\sts-bundle\repository\org\slf4j\jcl-over-slf4j\1.6.6\jcl-over-slf4j-1.6.6.jar;D:\Developer\sts-bundle\repository\org\slf4j\slf4j-log4j12\1.6.6\slf4j-log4j12-1.6.6.jar;D:\Developer\sts-bundle\repository\log4j\log4j\1.2.15\log4j-1.2.15.jar;D:\Developer\sts-bundle\repository\dom4j\dom4j\1.6.1\dom4j-1.6.1.jar;D:\Developer\sts-bundle\repository\xml-apis\xml-apis\1.0.b2\xml-apis-1.0.b2.jar;D:\Developer\sts-bundle\repository\org\apache\maven\surefire\surefire-testng-utils\2.21.0\surefire-testng-utils-2.21.0.jar;D:\Developer\sts-bundle\repository\org\apache\maven\surefire\surefire-grouper\2.21.0\surefire-grouper-2.21.0.jar;"/>
    <property name="sun.cpu.endian" value="little"/>
    <property name="user.home" value="C:\Users\admin"/>
    <property name="user.language" value="en"/>
    <property name="java.specification.vendor" value="Oracle Corporation"/>
    <property name="java.home" value="C:\Program Files\Java\jdk1.8.0_144\jre"/>
    <property name="basedir" value="D:\Developer\sts-bundle\workspace\Fortinet_UI_Auto_Test_SimplerVersion"/>
    <property name="file.separator" value="\"/>
    <property name="line.separator" value="&#10;"/>
    <property name="java.vm.specification.vendor" value="Oracle Corporation"/>
    <property name="java.specification.name" value="Java Platform API Specification"/>
    <property name="java.awt.graphicsenv" value="sun.awt.Win32GraphicsEnvironment"/>
    <property name="surefire.real.class.path" value="C:\Users\admin\AppData\Local\Temp\surefire5835104230137781365\surefirebooter7751067736764732084.jar"/>
    <property name="sun.boot.class.path" value="C:\Program Files\Java\jdk1.8.0_144\jre\lib\resources.jar;C:\Program Files\Java\jdk1.8.0_144\jre\lib\rt.jar;C:\Program Files\Java\jdk1.8.0_144\jre\lib\sunrsasign.jar;C:\Program Files\Java\jdk1.8.0_144\jre\lib\jsse.jar;C:\Program Files\Java\jdk1.8.0_144\jre\lib\jce.jar;C:\Program Files\Java\jdk1.8.0_144\jre\lib\charsets.jar;C:\Program Files\Java\jdk1.8.0_144\jre\lib\jfr.jar;C:\Program Files\Java\jdk1.8.0_144\jre\classes"/>
    <property name="user.script" value=""/>
    <property name="sun.management.compiler" value="HotSpot 64-Bit Tiered Compilers"/>
    <property name="java.runtime.version" value="1.8.0_144-b01"/>
    <property name="user.name" value="admin"/>
    <property name="path.separator" value=";"/>
    <property name="os.version" value="6.1"/>
    <property name="java.endorsed.dirs" value="C:\Program Files\Java\jdk1.8.0_144\jre\lib\endorsed"/>
    <property name="java.runtime.name" value="Java(TM) SE Runtime Environment"/>
    <property name="file.encoding" value="GBK"/>
    <property name="java.vm.name" value="Java HotSpot(TM) 64-Bit Server VM"/>
    <property name="localRepository" value="D:\Developer\sts-bundle\repository"/>
    <property name="java.vendor.url.bug" value="http://bugreport.sun.com/bugreport/"/>
    <property name="java.io.tmpdir" value="C:\Users\admin\AppData\Local\Temp\"/>
    <property name="java.version" value="1.8.0_144"/>
    <property name="user.dir" value="D:\Developer\sts-bundle\workspace\Fortinet_UI_Auto_Test_SimplerVersion\target"/>
    <property name="os.arch" value="amd64"/>
    <property name="java.vm.specification.name" value="Java Virtual Machine Specification"/>
    <property name="java.awt.printerjob" value="sun.awt.windows.WPrinterJob"/>
    <property name="user.language.format" value="zh"/>
    <property name="sun.os.patch.level" value="Service Pack 1"/>
    <property name="java.library.path" value="C:\Program Files\Java\jdk1.8.0_144\jre\bin;C:\Windows\Sun\Java\bin;C:\Windows\system32;C:\Windows;C:/Program Files/Java/jre1.8.0_144/bin/server;C:/Program Files/Java/jre1.8.0_144/bin;C:/Program Files/Java/jre1.8.0_144/lib/amd64;C:\ProgramData\Oracle\Java\javapath;.;C:\Program Files\Java\jdk1.8.0_144\bin;C:\Program Files\Java\jdk1.8.0_144\jre\bin;D:\Python36\Scripts\;D:\Python36\;C:\Program Files (x86)\Common Files\NetSarang;C:\Program Files (x86)\NVIDIA Corporation\PhysX\Common;C:\Program Files (x86)\Intel\iCLS Client\;C:\Program Files\Intel\iCLS Client\;C:\Windows\system32;C:\Windows;C:\Windows\System32\Wbem;C:\Windows\System32\WindowsPowerShell\v1.0\;C:\Program Files\Intel\Intel(R) Management Engine Components\DAL;C:\Program Files\Intel\Intel(R) Management Engine Components\IPT;C:\Program Files (x86)\Intel\Intel(R) Management Engine Components\DAL;C:\Program Files (x86)\Intel\Intel(R) Management Engine Components\IPT;F:\jboss-eap-6.2\binC:\Program Files (x86)\Skype\Phone\;C:\Program Files\TortoiseSVN\bin;C:\Program Files (x86)\WinSCP\;C:\Program Files (x86)\Skype\Phone\;C:\Program Files\Git\cmd;D:\Developer\apache-maven-3.5.2\bin;C:\Program Files\PuTTY\;C:\Program Files (x86)\SSH Communications Security\SSH Secure Shell;C:\Program Files\MySQL\MySQL Server 5.6\bin;D:\Developer\sts-bundle\sts-3.9.1.RELEASE;;."/>
    <property name="java.vm.info" value="mixed mode"/>
    <property name="java.vendor" value="Oracle Corporation"/>
    <property name="java.vm.version" value="25.144-b01"/>
    <property name="java.ext.dirs" value="C:\Program Files\Java\jdk1.8.0_144\jre\lib\ext;C:\Windows\Sun\Java\lib\ext"/>
    <property name="sun.io.unicode.encoding" value="UnicodeLittle"/>
    <property name="java.class.version" value="52.0"/>
  </properties>
  <testcase name="function2" classname="ftnt.qa.autotest.ui.fortisiem.pageobject.testBase" time="0">
    <skipped message="expected [true] but found [false]"/>
    <system-out><![CDATA[[TestNGContentHandler] [WARN] It is strongly recommended to add "<!DOCTYPE suite SYSTEM "http://testng.org/testng-1.0.dtd" >" at the top of your file, otherwise TestNG may fail or not work as expected.
[TestNG] [WARN] Ignoring duplicate listener : ftnt.qa.autotest.ui.framework.testng.listener.TestNGListener
[TestNG] [WARN] Ignoring duplicate listener : ftnt.qa.autotest.ui.framework.testng.listener.TestNGListener
[TestNG] [WARN] AnnotationTransformer already set
2018-04-10 18:29:17 ftnt.qa.autotest.ui.testbase.TestBase-INFO : #####开始执行测试用例#####
2018-04-10 18:29:17 ftnt.qa.autotest.ui.testbase.TestBase-INFO : ############################################################
2018-04-10 18:29:17 ftnt.qa.autotest.ui.testbase.TestBase-INFO : #####BeforeClass:开始执行测试类:ftnt.qa.autotest.ui.fortisiem.pageobject.testBase 执行开始
2018-04-10 18:29:17 ftnt.qa.autotest.ui.testbase.TestBase-INFO : #####
2018-04-10 18:29:17 ftnt.qa.autotest.ui.testbase.TestBase-INFO : #####测试开始时间：Tue Apr 10 18:29:17 CST 2018
2018-04-10 18:29:20 ftnt.qa.autotest.ui.testbase.TestBase-INFO : #####BeforeMethod:娴嬭瘯鐢ㄤ緥杩愯鐨勬祻瑙堝櫒绫诲瀷锛歠tnt.qa.autotest.ui.framework.webdriverfactory.ChromeBrowserDriver
2018-04-10 18:29:20 ftnt.qa.autotest.ui.testbase.TestBase-INFO : #####BeforeMethod:娴嬭瘯缃戝潃 https://10.30.2.171/phoenix/login-html.jsf
2018-04-10 18:29:23 ftnt.qa.autotest.ui.framework.testng.listener.RetryToRunCase-INFO : 方法<function2>执行失败，重试第1次
]]></system-out>
    <system-err><![CDATA[Starting ChromeDriver 2.35.528161 (5b82f2d2aae0ca24b877009200ced9065a772e73) on port 42472
Only local connections are allowed.
四月 10, 2018 6:29:20 下午 org.openqa.selenium.remote.ProtocolHandshake createSession
INFO: Detected dialect: OSS
]]></system-err>
  </testcase>
  <testcase name="function2" classname="ftnt.qa.autotest.ui.fortisiem.pageobject.testBase" time="0">
    <skipped message="expected [true] but found [false]"/>
    <system-out><![CDATA[2018-04-10 18:29:23 ftnt.qa.autotest.ui.testbase.TestBase-INFO : =====娴嬭瘯鐢ㄤ緥: function2 杩愯澶辫触锛屽師鍥狅細 expected [true] but found [false]=====
2018-04-10 18:29:23 ftnt.qa.autotest.ui.testbase.TestBase-INFO : 鍫嗘爤淇℃伅:
2018-04-10 18:29:23 ftnt.qa.autotest.ui.testbase.TestBase-INFO : org.testng.Assert.fail(Assert.java:96)
2018-04-10 18:29:23 ftnt.qa.autotest.ui.testbase.TestBase-INFO : org.testng.Assert.failNotEquals(Assert.java:776)
2018-04-10 18:29:23 ftnt.qa.autotest.ui.testbase.TestBase-INFO : org.testng.Assert.assertTrue(Assert.java:44)
2018-04-10 18:29:23 ftnt.qa.autotest.ui.testbase.TestBase-INFO : org.testng.Assert.assertTrue(Assert.java:54)
2018-04-10 18:29:23 ftnt.qa.autotest.ui.testbase.TestBase-INFO : ftnt.qa.autotest.ui.fortisiem.pageobject.testBase.function2(testBase.java:37)
2018-04-10 18:29:23 ftnt.qa.autotest.ui.testbase.TestBase-INFO : sun.reflect.NativeMethodAccessorImpl.invoke0(Native Method)
2018-04-10 18:29:23 ftnt.qa.autotest.ui.testbase.TestBase-INFO : sun.reflect.NativeMethodAccessorImpl.invoke(NativeMethodAccessorImpl.java:62)
2018-04-10 18:29:23 ftnt.qa.autotest.ui.testbase.TestBase-INFO : sun.reflect.DelegatingMethodAccessorImpl.invoke(DelegatingMethodAccessorImpl.java:43)
2018-04-10 18:29:23 ftnt.qa.autotest.ui.testbase.TestBase-INFO : java.lang.reflect.Method.invoke(Method.java:498)
2018-04-10 18:29:23 ftnt.qa.autotest.ui.testbase.TestBase-INFO : org.testng.internal.MethodInvocationHelper.invokeMethod(MethodInvocationHelper.java:124)
2018-04-10 18:29:23 ftnt.qa.autotest.ui.testbase.TestBase-INFO : org.testng.internal.Invoker.invokeMethod(Invoker.java:580)
2018-04-10 18:29:23 ftnt.qa.autotest.ui.testbase.TestBase-INFO : org.testng.internal.Invoker.invokeTestMethod(Invoker.java:716)
2018-04-10 18:29:23 ftnt.qa.autotest.ui.testbase.TestBase-INFO : org.testng.internal.Invoker.invokeTestMethods(Invoker.java:988)
2018-04-10 18:29:23 ftnt.qa.autotest.ui.testbase.TestBase-INFO : org.testng.internal.TestMethodWorker.invokeTestMethods(TestMethodWorker.java:125)
2018-04-10 18:29:23 ftnt.qa.autotest.ui.testbase.TestBase-INFO : org.testng.internal.TestMethodWorker.run(TestMethodWorker.java:109)
2018-04-10 18:29:23 ftnt.qa.autotest.ui.testbase.TestBase-INFO : org.testng.TestRunner.privateRun(TestRunner.java:648)
2018-04-10 18:29:23 ftnt.qa.autotest.ui.testbase.TestBase-INFO : org.testng.TestRunner.run(TestRunner.java:505)
2018-04-10 18:29:23 ftnt.qa.autotest.ui.testbase.TestBase-INFO : org.testng.SuiteRunner.runTest(SuiteRunner.java:455)
2018-04-10 18:29:23 ftnt.qa.autotest.ui.testbase.TestBase-INFO : org.testng.SuiteRunner.runSequentially(SuiteRunner.java:450)
2018-04-10 18:29:23 ftnt.qa.autotest.ui.testbase.TestBase-INFO : org.testng.SuiteRunner.privateRun(SuiteRunner.java:415)
2018-04-10 18:29:23 ftnt.qa.autotest.ui.testbase.TestBase-INFO : org.testng.SuiteRunner.run(SuiteRunner.java:364)
2018-04-10 18:29:23 ftnt.qa.autotest.ui.testbase.TestBase-INFO : org.testng.SuiteRunnerWorker.runSuite(SuiteRunnerWorker.java:52)
2018-04-10 18:29:23 ftnt.qa.autotest.ui.testbase.TestBase-INFO : org.testng.SuiteRunnerWorker.run(SuiteRunnerWorker.java:84)
2018-04-10 18:29:23 ftnt.qa.autotest.ui.testbase.TestBase-INFO : org.testng.TestNG.runSuitesSequentially(TestNG.java:1208)
2018-04-10 18:29:23 ftnt.qa.autotest.ui.testbase.TestBase-INFO : org.testng.TestNG.runSuitesLocally(TestNG.java:1137)
2018-04-10 18:29:23 ftnt.qa.autotest.ui.testbase.TestBase-INFO : org.testng.TestNG.runSuites(TestNG.java:1049)
2018-04-10 18:29:23 ftnt.qa.autotest.ui.testbase.TestBase-INFO : org.testng.TestNG.run(TestNG.java:1017)
2018-04-10 18:29:23 ftnt.qa.autotest.ui.testbase.TestBase-INFO : org.apache.maven.surefire.testng.TestNGExecutor.run(TestNGExecutor.java:283)
2018-04-10 18:29:23 ftnt.qa.autotest.ui.testbase.TestBase-INFO : org.apache.maven.surefire.testng.TestNGXmlTestSuite.execute(TestNGXmlTestSuite.java:75)
2018-04-10 18:29:23 ftnt.qa.autotest.ui.testbase.TestBase-INFO : org.apache.maven.surefire.testng.TestNGProvider.invoke(TestNGProvider.java:120)
2018-04-10 18:29:23 ftnt.qa.autotest.ui.testbase.TestBase-INFO : org.apache.maven.surefire.booter.ForkedBooter.invokeProviderInSameClassLoader(ForkedBooter.java:379)
2018-04-10 18:29:23 ftnt.qa.autotest.ui.testbase.TestBase-INFO : org.apache.maven.surefire.booter.ForkedBooter.runSuitesInProcess(ForkedBooter.java:340)
2018-04-10 18:29:23 ftnt.qa.autotest.ui.testbase.TestBase-INFO : org.apache.maven.surefire.booter.ForkedBooter.execute(ForkedBooter.java:125)
2018-04-10 18:29:23 ftnt.qa.autotest.ui.testbase.TestBase-INFO : org.apache.maven.surefire.booter.ForkedBooter.main(ForkedBooter.java:413)
2018-04-10 18:29:24 ftnt.qa.autotest.ui.framework.utils.ExcuteBatCommand-INFO : #####清理浏览器进程成功#####
2018-04-10 18:29:24 ftnt.qa.autotest.ui.testbase.TestBase-INFO : #####AfterMethod:清理浏览器进程完毕
2018-04-10 18:29:28 ftnt.qa.autotest.ui.testbase.TestBase-INFO : #####BeforeMethod:娴嬭瘯鐢ㄤ緥杩愯鐨勬祻瑙堝櫒绫诲瀷锛歠tnt.qa.autotest.ui.framework.webdriverfactory.ChromeBrowserDriver
2018-04-10 18:29:28 ftnt.qa.autotest.ui.testbase.TestBase-INFO : #####BeforeMethod:娴嬭瘯缃戝潃 https://10.30.2.171/phoenix/login-html.jsf
2018-04-10 18:29:30 ftnt.qa.autotest.ui.framework.testng.listener.RetryToRunCase-INFO : 方法<function2>执行失败，重试第2次
]]></system-out>
    <system-err><![CDATA[Starting ChromeDriver 2.35.528161 (5b82f2d2aae0ca24b877009200ced9065a772e73) on port 34666
Only local connections are allowed.
四月 10, 2018 6:29:28 下午 org.openqa.selenium.remote.ProtocolHandshake createSession
INFO: Detected dialect: OSS
]]></system-err>
  </testcase>
  <testcase name="function2" classname="ftnt.qa.autotest.ui.fortisiem.pageobject.testBase" time="0">
    <skipped message="expected [true] but found [false]"/>
    <system-out><![CDATA[2018-04-10 18:29:30 ftnt.qa.autotest.ui.testbase.TestBase-INFO : =====娴嬭瘯鐢ㄤ緥: function2 杩愯澶辫触锛屽師鍥狅細 expected [true] but found [false]=====
2018-04-10 18:29:30 ftnt.qa.autotest.ui.testbase.TestBase-INFO : 鍫嗘爤淇℃伅:
2018-04-10 18:29:30 ftnt.qa.autotest.ui.testbase.TestBase-INFO : org.testng.Assert.fail(Assert.java:96)
2018-04-10 18:29:30 ftnt.qa.autotest.ui.testbase.TestBase-INFO : org.testng.Assert.failNotEquals(Assert.java:776)
2018-04-10 18:29:30 ftnt.qa.autotest.ui.testbase.TestBase-INFO : org.testng.Assert.assertTrue(Assert.java:44)
2018-04-10 18:29:30 ftnt.qa.autotest.ui.testbase.TestBase-INFO : org.testng.Assert.assertTrue(Assert.java:54)
2018-04-10 18:29:30 ftnt.qa.autotest.ui.testbase.TestBase-INFO : ftnt.qa.autotest.ui.fortisiem.pageobject.testBase.function2(testBase.java:37)
2018-04-10 18:29:30 ftnt.qa.autotest.ui.testbase.TestBase-INFO : sun.reflect.NativeMethodAccessorImpl.invoke0(Native Method)
2018-04-10 18:29:30 ftnt.qa.autotest.ui.testbase.TestBase-INFO : sun.reflect.NativeMethodAccessorImpl.invoke(NativeMethodAccessorImpl.java:62)
2018-04-10 18:29:30 ftnt.qa.autotest.ui.testbase.TestBase-INFO : sun.reflect.DelegatingMethodAccessorImpl.invoke(DelegatingMethodAccessorImpl.java:43)
2018-04-10 18:29:30 ftnt.qa.autotest.ui.testbase.TestBase-INFO : java.lang.reflect.Method.invoke(Method.java:498)
2018-04-10 18:29:30 ftnt.qa.autotest.ui.testbase.TestBase-INFO : org.testng.internal.MethodInvocationHelper.invokeMethod(MethodInvocationHelper.java:124)
2018-04-10 18:29:30 ftnt.qa.autotest.ui.testbase.TestBase-INFO : org.testng.internal.Invoker.invokeMethod(Invoker.java:580)
2018-04-10 18:29:30 ftnt.qa.autotest.ui.testbase.TestBase-INFO : org.testng.internal.Invoker.retryFailed(Invoker.java:838)
2018-04-10 18:29:30 ftnt.qa.autotest.ui.testbase.TestBase-INFO : org.testng.internal.Invoker.invokeTestMethods(Invoker.java:1009)
2018-04-10 18:29:30 ftnt.qa.autotest.ui.testbase.TestBase-INFO : org.testng.internal.TestMethodWorker.invokeTestMethods(TestMethodWorker.java:125)
2018-04-10 18:29:30 ftnt.qa.autotest.ui.testbase.TestBase-INFO : org.testng.internal.TestMethodWorker.run(TestMethodWorker.java:109)
2018-04-10 18:29:30 ftnt.qa.autotest.ui.testbase.TestBase-INFO : org.testng.TestRunner.privateRun(TestRunner.java:648)
2018-04-10 18:29:30 ftnt.qa.autotest.ui.testbase.TestBase-INFO : org.testng.TestRunner.run(TestRunner.java:505)
2018-04-10 18:29:30 ftnt.qa.autotest.ui.testbase.TestBase-INFO : org.testng.SuiteRunner.runTest(SuiteRunner.java:455)
2018-04-10 18:29:30 ftnt.qa.autotest.ui.testbase.TestBase-INFO : org.testng.SuiteRunner.runSequentially(SuiteRunner.java:450)
2018-04-10 18:29:30 ftnt.qa.autotest.ui.testbase.TestBase-INFO : org.testng.SuiteRunner.privateRun(SuiteRunner.java:415)
2018-04-10 18:29:30 ftnt.qa.autotest.ui.testbase.TestBase-INFO : org.testng.SuiteRunner.run(SuiteRunner.java:364)
2018-04-10 18:29:30 ftnt.qa.autotest.ui.testbase.TestBase-INFO : org.testng.SuiteRunnerWorker.runSuite(SuiteRunnerWorker.java:52)
2018-04-10 18:29:30 ftnt.qa.autotest.ui.testbase.TestBase-INFO : org.testng.SuiteRunnerWorker.run(SuiteRunnerWorker.java:84)
2018-04-10 18:29:30 ftnt.qa.autotest.ui.testbase.TestBase-INFO : org.testng.TestNG.runSuitesSequentially(TestNG.java:1208)
2018-04-10 18:29:30 ftnt.qa.autotest.ui.testbase.TestBase-INFO : org.testng.TestNG.runSuitesLocally(TestNG.java:1137)
2018-04-10 18:29:30 ftnt.qa.autotest.ui.testbase.TestBase-INFO : org.testng.TestNG.runSuites(TestNG.java:1049)
2018-04-10 18:29:30 ftnt.qa.autotest.ui.testbase.TestBase-INFO : org.testng.TestNG.run(TestNG.java:1017)
2018-04-10 18:29:30 ftnt.qa.autotest.ui.testbase.TestBase-INFO : org.apache.maven.surefire.testng.TestNGExecutor.run(TestNGExecutor.java:283)
2018-04-10 18:29:30 ftnt.qa.autotest.ui.testbase.TestBase-INFO : org.apache.maven.surefire.testng.TestNGXmlTestSuite.execute(TestNGXmlTestSuite.java:75)
2018-04-10 18:29:30 ftnt.qa.autotest.ui.testbase.TestBase-INFO : org.apache.maven.surefire.testng.TestNGProvider.invoke(TestNGProvider.java:120)
2018-04-10 18:29:30 ftnt.qa.autotest.ui.testbase.TestBase-INFO : org.apache.maven.surefire.booter.ForkedBooter.invokeProviderInSameClassLoader(ForkedBooter.java:379)
2018-04-10 18:29:30 ftnt.qa.autotest.ui.testbase.TestBase-INFO : org.apache.maven.surefire.booter.ForkedBooter.runSuitesInProcess(ForkedBooter.java:340)
2018-04-10 18:29:30 ftnt.qa.autotest.ui.testbase.TestBase-INFO : org.apache.maven.surefire.booter.ForkedBooter.execute(ForkedBooter.java:125)
2018-04-10 18:29:30 ftnt.qa.autotest.ui.testbase.TestBase-INFO : org.apache.maven.surefire.booter.ForkedBooter.main(ForkedBooter.java:413)
2018-04-10 18:29:33 ftnt.qa.autotest.ui.framework.utils.ExcuteBatCommand-INFO : #####清理浏览器进程成功#####
2018-04-10 18:29:33 ftnt.qa.autotest.ui.testbase.TestBase-INFO : #####AfterMethod:清理浏览器进程完毕
2018-04-10 18:29:37 ftnt.qa.autotest.ui.testbase.TestBase-INFO : #####BeforeMethod:娴嬭瘯鐢ㄤ緥杩愯鐨勬祻瑙堝櫒绫诲瀷锛歠tnt.qa.autotest.ui.framework.webdriverfactory.ChromeBrowserDriver
2018-04-10 18:29:37 ftnt.qa.autotest.ui.testbase.TestBase-INFO : #####BeforeMethod:娴嬭瘯缃戝潃 https://10.30.2.171/phoenix/login-html.jsf
2018-04-10 18:29:39 ftnt.qa.autotest.ui.framework.testng.listener.RetryToRunCase-INFO : 方法<function2>执行失败，重试第3次
]]></system-out>
    <system-err><![CDATA[Starting ChromeDriver 2.35.528161 (5b82f2d2aae0ca24b877009200ced9065a772e73) on port 13150
Only local connections are allowed.
四月 10, 2018 6:29:37 下午 org.openqa.selenium.remote.ProtocolHandshake createSession
INFO: Detected dialect: OSS
]]></system-err>
  </testcase>
  <testcase name="function2" classname="ftnt.qa.autotest.ui.fortisiem.pageobject.testBase" time="1.863">
    <failure message="expected [true] but found [false]" type="java.lang.AssertionError">java.lang.AssertionError: expected [true] but found [false]
	at ftnt.qa.autotest.ui.fortisiem.pageobject.testBase.function2(testBase.java:37)
</failure>
    <system-out><![CDATA[2018-04-10 18:29:39 ftnt.qa.autotest.ui.testbase.TestBase-INFO : =====娴嬭瘯鐢ㄤ緥: function2 杩愯澶辫触锛屽師鍥狅細 expected [true] but found [false]=====
2018-04-10 18:29:39 ftnt.qa.autotest.ui.testbase.TestBase-INFO : 鍫嗘爤淇℃伅:
2018-04-10 18:29:39 ftnt.qa.autotest.ui.testbase.TestBase-INFO : org.testng.Assert.fail(Assert.java:96)
2018-04-10 18:29:39 ftnt.qa.autotest.ui.testbase.TestBase-INFO : org.testng.Assert.failNotEquals(Assert.java:776)
2018-04-10 18:29:39 ftnt.qa.autotest.ui.testbase.TestBase-INFO : org.testng.Assert.assertTrue(Assert.java:44)
2018-04-10 18:29:39 ftnt.qa.autotest.ui.testbase.TestBase-INFO : org.testng.Assert.assertTrue(Assert.java:54)
2018-04-10 18:29:39 ftnt.qa.autotest.ui.testbase.TestBase-INFO : ftnt.qa.autotest.ui.fortisiem.pageobject.testBase.function2(testBase.java:37)
2018-04-10 18:29:39 ftnt.qa.autotest.ui.testbase.TestBase-INFO : sun.reflect.NativeMethodAccessorImpl.invoke0(Native Method)
2018-04-10 18:29:39 ftnt.qa.autotest.ui.testbase.TestBase-INFO : sun.reflect.NativeMethodAccessorImpl.invoke(NativeMethodAccessorImpl.java:62)
2018-04-10 18:29:39 ftnt.qa.autotest.ui.testbase.TestBase-INFO : sun.reflect.DelegatingMethodAccessorImpl.invoke(DelegatingMethodAccessorImpl.java:43)
2018-04-10 18:29:39 ftnt.qa.autotest.ui.testbase.TestBase-INFO : java.lang.reflect.Method.invoke(Method.java:498)
2018-04-10 18:29:39 ftnt.qa.autotest.ui.testbase.TestBase-INFO : org.testng.internal.MethodInvocationHelper.invokeMethod(MethodInvocationHelper.java:124)
2018-04-10 18:29:39 ftnt.qa.autotest.ui.testbase.TestBase-INFO : org.testng.internal.Invoker.invokeMethod(Invoker.java:580)
2018-04-10 18:29:39 ftnt.qa.autotest.ui.testbase.TestBase-INFO : org.testng.internal.Invoker.retryFailed(Invoker.java:838)
2018-04-10 18:29:39 ftnt.qa.autotest.ui.testbase.TestBase-INFO : org.testng.internal.Invoker.invokeTestMethods(Invoker.java:1009)
2018-04-10 18:29:39 ftnt.qa.autotest.ui.testbase.TestBase-INFO : org.testng.internal.TestMethodWorker.invokeTestMethods(TestMethodWorker.java:125)
2018-04-10 18:29:39 ftnt.qa.autotest.ui.testbase.TestBase-INFO : org.testng.internal.TestMethodWorker.run(TestMethodWorker.java:109)
2018-04-10 18:29:39 ftnt.qa.autotest.ui.testbase.TestBase-INFO : org.testng.TestRunner.privateRun(TestRunner.java:648)
2018-04-10 18:29:39 ftnt.qa.autotest.ui.testbase.TestBase-INFO : org.testng.TestRunner.run(TestRunner.java:505)
2018-04-10 18:29:39 ftnt.qa.autotest.ui.testbase.TestBase-INFO : org.testng.SuiteRunner.runTest(SuiteRunner.java:455)
2018-04-10 18:29:39 ftnt.qa.autotest.ui.testbase.TestBase-INFO : org.testng.SuiteRunner.runSequentially(SuiteRunner.java:450)
2018-04-10 18:29:39 ftnt.qa.autotest.ui.testbase.TestBase-INFO : org.testng.SuiteRunner.privateRun(SuiteRunner.java:415)
2018-04-10 18:29:39 ftnt.qa.autotest.ui.testbase.TestBase-INFO : org.testng.SuiteRunner.run(SuiteRunner.java:364)
2018-04-10 18:29:39 ftnt.qa.autotest.ui.testbase.TestBase-INFO : org.testng.SuiteRunnerWorker.runSuite(SuiteRunnerWorker.java:52)
2018-04-10 18:29:39 ftnt.qa.autotest.ui.testbase.TestBase-INFO : org.testng.SuiteRunnerWorker.run(SuiteRunnerWorker.java:84)
2018-04-10 18:29:39 ftnt.qa.autotest.ui.testbase.TestBase-INFO : org.testng.TestNG.runSuitesSequentially(TestNG.java:1208)
2018-04-10 18:29:39 ftnt.qa.autotest.ui.testbase.TestBase-INFO : org.testng.TestNG.runSuitesLocally(TestNG.java:1137)
2018-04-10 18:29:39 ftnt.qa.autotest.ui.testbase.TestBase-INFO : org.testng.TestNG.runSuites(TestNG.java:1049)
2018-04-10 18:29:39 ftnt.qa.autotest.ui.testbase.TestBase-INFO : org.testng.TestNG.run(TestNG.java:1017)
2018-04-10 18:29:39 ftnt.qa.autotest.ui.testbase.TestBase-INFO : org.apache.maven.surefire.testng.TestNGExecutor.run(TestNGExecutor.java:283)
2018-04-10 18:29:39 ftnt.qa.autotest.ui.testbase.TestBase-INFO : org.apache.maven.surefire.testng.TestNGXmlTestSuite.execute(TestNGXmlTestSuite.java:75)
2018-04-10 18:29:39 ftnt.qa.autotest.ui.testbase.TestBase-INFO : org.apache.maven.surefire.testng.TestNGProvider.invoke(TestNGProvider.java:120)
2018-04-10 18:29:39 ftnt.qa.autotest.ui.testbase.TestBase-INFO : org.apache.maven.surefire.booter.ForkedBooter.invokeProviderInSameClassLoader(ForkedBooter.java:379)
2018-04-10 18:29:39 ftnt.qa.autotest.ui.testbase.TestBase-INFO : org.apache.maven.surefire.booter.ForkedBooter.runSuitesInProcess(ForkedBooter.java:340)
2018-04-10 18:29:39 ftnt.qa.autotest.ui.testbase.TestBase-INFO : org.apache.maven.surefire.booter.ForkedBooter.execute(ForkedBooter.java:125)
2018-04-10 18:29:39 ftnt.qa.autotest.ui.testbase.TestBase-INFO : org.apache.maven.surefire.booter.ForkedBooter.main(ForkedBooter.java:413)
2018-04-10 18:29:40 ftnt.qa.autotest.ui.framework.utils.ExcuteBatCommand-INFO : #####清理浏览器进程成功#####
2018-04-10 18:29:40 ftnt.qa.autotest.ui.testbase.TestBase-INFO : #####AfterMethod:清理浏览器进程完毕
2018-04-10 18:29:44 ftnt.qa.autotest.ui.testbase.TestBase-INFO : #####BeforeMethod:娴嬭瘯鐢ㄤ緥杩愯鐨勬祻瑙堝櫒绫诲瀷锛歠tnt.qa.autotest.ui.framework.webdriverfactory.ChromeBrowserDriver
2018-04-10 18:29:44 ftnt.qa.autotest.ui.testbase.TestBase-INFO : #####BeforeMethod:娴嬭瘯缃戝潃 https://10.30.2.171/phoenix/login-html.jsf
]]></system-out>
    <system-err><![CDATA[Starting ChromeDriver 2.35.528161 (5b82f2d2aae0ca24b877009200ced9065a772e73) on port 31581
Only local connections are allowed.
四月 10, 2018 6:29:44 下午 org.openqa.selenium.remote.ProtocolHandshake createSession
INFO: Detected dialect: OSS
]]></system-err>
  </testcase>
  <testcase name="function1" classname="ftnt.qa.autotest.ui.fortisiem.pageobject.testBase2" time="4.673"/>
</testsuite>